  Source.cpp
C:\Users\Intrigger\Documents\GitHub\Main\C++\Курсовая работа - Лабиринт SFML\Лабиринт SFML\Лабиринт SFML\Source.cpp(394,1): warning C4267: инициализация: преобразование из "size_t" в "int"; возможна потеря данных
C:\Users\Intrigger\Documents\GitHub\Main\C++\Курсовая работа - Лабиринт SFML\Лабиринт SFML\Лабиринт SFML\Source.cpp(444,51): warning C4244: аргумент: преобразование "int" в "float", возможна потеря данных
C:\Users\Intrigger\Documents\GitHub\Main\C++\Курсовая работа - Лабиринт SFML\Лабиринт SFML\Лабиринт SFML\Source.cpp(444,33): warning C4244: аргумент: преобразование "int" в "float", возможна потеря данных
C:\Users\Intrigger\Documents\GitHub\Main\C++\Курсовая работа - Лабиринт SFML\Лабиринт SFML\Лабиринт SFML\Source.cpp(506,45): warning C4244: аргумент: преобразование "int" в "float", возможна потеря данных
C:\Users\Intrigger\Documents\GitHub\Main\C++\Курсовая работа - Лабиринт SFML\Лабиринт SFML\Лабиринт SFML\Source.cpp(549,49): warning C4244: аргумент: преобразование "int" в "float", возможна потеря данных
C:\Users\Intrigger\Documents\GitHub\Main\C++\Курсовая работа - Лабиринт SFML\Лабиринт SFML\Лабиринт SFML\Source.cpp(549,37): warning C4244: аргумент: преобразование "int" в "float", возможна потеря данных
C:\Users\Intrigger\Documents\GitHub\Main\C++\Курсовая работа - Лабиринт SFML\Лабиринт SFML\Лабиринт SFML\Source.cpp(563,62): warning C4244: аргумент: преобразование "int" в "T", возможна потеря данных
          with
          [
              T=float
          ]
C:\Users\Intrigger\Documents\GitHub\Main\C++\Курсовая работа - Лабиринт SFML\Лабиринт SFML\Лабиринт SFML\Source.cpp(563,47): warning C4244: аргумент: преобразование "int" в "T", возможна потеря данных
          with
          [
              T=float
          ]
C:\Users\Intrigger\Documents\GitHub\Main\C++\Курсовая работа - Лабиринт SFML\Лабиринт SFML\Лабиринт SFML\Source.cpp(570,54): warning C4244: аргумент: преобразование "int" в "T", возможна потеря данных
          with
          [
              T=float
          ]
C:\Users\Intrigger\Documents\GitHub\Main\C++\Курсовая работа - Лабиринт SFML\Лабиринт SFML\Лабиринт SFML\Source.cpp(571,53): warning C4244: аргумент: преобразование "int" в "T", возможна потеря данных
          with
          [
              T=float
          ]
C:\Users\Intrigger\Documents\GitHub\Main\C++\Курсовая работа - Лабиринт SFML\Лабиринт SFML\Лабиринт SFML\Source.cpp(627,182): warning C4244: аргумент: преобразование "double" в "sf::Uint8", возможна потеря данных
C:\Users\Intrigger\Documents\GitHub\Main\C++\Курсовая работа - Лабиринт SFML\Лабиринт SFML\Лабиринт SFML\Source.cpp(627,128): warning C4244: аргумент: преобразование "double" в "sf::Uint8", возможна потеря данных
C:\Users\Intrigger\Documents\GitHub\Main\C++\Курсовая работа - Лабиринт SFML\Лабиринт SFML\Лабиринт SFML\Source.cpp(631,186): warning C4244: аргумент: преобразование "double" в "sf::Uint8", возможна потеря данных
C:\Users\Intrigger\Documents\GitHub\Main\C++\Курсовая работа - Лабиринт SFML\Лабиринт SFML\Лабиринт SFML\Source.cpp(631,108): warning C4244: аргумент: преобразование "double" в "sf::Uint8", возможна потеря данных
C:\Users\Intrigger\Documents\GitHub\Main\C++\Курсовая работа - Лабиринт SFML\Лабиринт SFML\Лабиринт SFML\Source.cpp(646,1): warning C4305: аргумент: усечение из "double" в "float"
C:\Users\Intrigger\Documents\GitHub\Main\C++\Курсовая работа - Лабиринт SFML\Лабиринт SFML\Лабиринт SFML\Source.cpp(657,116): warning C4244: аргумент: преобразование "T" в "T", возможна потеря данных
          with
          [
              T=int
          ]
          and
          [
              T=float
          ]
C:\Users\Intrigger\Documents\GitHub\Main\C++\Курсовая работа - Лабиринт SFML\Лабиринт SFML\Лабиринт SFML\Source.cpp(657,63): warning C4244: аргумент: преобразование "T" в "T", возможна потеря данных
          with
          [
              T=int
          ]
          and
          [
              T=float
          ]
C:\Users\Intrigger\Documents\GitHub\Main\C++\Курсовая работа - Лабиринт SFML\Лабиринт SFML\Лабиринт SFML\Source.cpp(662,115): warning C4244: аргумент: преобразование "T" в "T", возможна потеря данных
          with
          [
              T=int
          ]
          and
          [
              T=float
          ]
C:\Users\Intrigger\Documents\GitHub\Main\C++\Курсовая работа - Лабиринт SFML\Лабиринт SFML\Лабиринт SFML\Source.cpp(662,62): warning C4244: аргумент: преобразование "T" в "T", возможна потеря данных
          with
          [
              T=int
          ]
          and
          [
              T=float
          ]
C:\Users\Intrigger\Documents\GitHub\Main\C++\Курсовая работа - Лабиринт SFML\Лабиринт SFML\Лабиринт SFML\Source.cpp(666,25): warning C4018: <: несоответствие типов со знаком и без знака
C:\Users\Intrigger\Documents\GitHub\Main\C++\Курсовая работа - Лабиринт SFML\Лабиринт SFML\Лабиринт SFML\Source.cpp(667,26): warning C4018: <: несоответствие типов со знаком и без знака
C:\Users\Intrigger\Documents\GitHub\Main\C++\Курсовая работа - Лабиринт SFML\Лабиринт SFML\Лабиринт SFML\Source.cpp(723,36): warning C4244: аргумент: преобразование "int" в "T", возможна потеря данных
          with
          [
              T=float
          ]
C:\Users\Intrigger\Documents\GitHub\Main\C++\Курсовая работа - Лабиринт SFML\Лабиринт SFML\Лабиринт SFML\Source.cpp(723,28): warning C4244: аргумент: преобразование "int" в "T", возможна потеря данных
          with
          [
              T=float
          ]
C:\Users\Intrigger\Documents\GitHub\Main\C++\Курсовая работа - Лабиринт SFML\Лабиринт SFML\Лабиринт SFML\Source.cpp(726,1): warning C4305: аргумент: усечение из "double" в "float"
C:\Users\Intrigger\Documents\GitHub\Main\C++\Курсовая работа - Лабиринт SFML\Лабиринт SFML\Лабиринт SFML\Source.cpp(729,35): warning C4244: аргумент: преобразование "int" в "T", возможна потеря данных
          with
          [
              T=float
          ]
C:\Users\Intrigger\Documents\GitHub\Main\C++\Курсовая работа - Лабиринт SFML\Лабиринт SFML\Лабиринт SFML\Source.cpp(729,27): warning C4244: аргумент: преобразование "int" в "T", возможна потеря данных
          with
          [
              T=float
          ]
C:\Users\Intrigger\Documents\GitHub\Main\C++\Курсовая работа - Лабиринт SFML\Лабиринт SFML\Лабиринт SFML\Source.cpp(732,1): warning C4305: аргумент: усечение из "double" в "float"
C:\Users\Intrigger\Documents\GitHub\Main\C++\Курсовая работа - Лабиринт SFML\Лабиринт SFML\Лабиринт SFML\Source.cpp(736,37): warning C4244: аргумент: преобразование "int" в "T", возможна потеря данных
          with
          [
              T=float
          ]
C:\Users\Intrigger\Documents\GitHub\Main\C++\Курсовая работа - Лабиринт SFML\Лабиринт SFML\Лабиринт SFML\Source.cpp(736,29): warning C4244: аргумент: преобразование "int" в "T", возможна потеря данных
          with
          [
              T=float
          ]
C:\Users\Intrigger\Documents\GitHub\Main\C++\Курсовая работа - Лабиринт SFML\Лабиринт SFML\Лабиринт SFML\Source.cpp(739,1): warning C4305: аргумент: усечение из "double" в "float"
C:\Users\Intrigger\Documents\GitHub\Main\C++\Курсовая работа - Лабиринт SFML\Лабиринт SFML\Лабиринт SFML\Source.cpp(742,36): warning C4244: аргумент: преобразование "int" в "T", возможна потеря данных
          with
          [
              T=float
          ]
C:\Users\Intrigger\Documents\GitHub\Main\C++\Курсовая работа - Лабиринт SFML\Лабиринт SFML\Лабиринт SFML\Source.cpp(742,28): warning C4244: аргумент: преобразование "int" в "T", возможна потеря данных
          with
          [
              T=float
          ]
C:\Users\Intrigger\Documents\GitHub\Main\C++\Курсовая работа - Лабиринт SFML\Лабиринт SFML\Лабиринт SFML\Source.cpp(745,1): warning C4305: аргумент: усечение из "double" в "float"
C:\Users\Intrigger\Documents\GitHub\Main\C++\Курсовая работа - Лабиринт SFML\Лабиринт SFML\Лабиринт SFML\Source.cpp(749,36): warning C4244: аргумент: преобразование "int" в "T", возможна потеря данных
          with
          [
              T=float
          ]
C:\Users\Intrigger\Documents\GitHub\Main\C++\Курсовая работа - Лабиринт SFML\Лабиринт SFML\Лабиринт SFML\Source.cpp(749,28): warning C4244: аргумент: преобразование "int" в "T", возможна потеря данных
          with
          [
              T=float
          ]
C:\Users\Intrigger\Documents\GitHub\Main\C++\Курсовая работа - Лабиринт SFML\Лабиринт SFML\Лабиринт SFML\Source.cpp(774,45): warning C4244: аргумент: преобразование "int" в "T", возможна потеря данных
          with
          [
              T=float
          ]
C:\Users\Intrigger\Documents\GitHub\Main\C++\Курсовая работа - Лабиринт SFML\Лабиринт SFML\Лабиринт SFML\Source.cpp(775,47): warning C4244: аргумент: преобразование "int" в "T", возможна потеря данных
          with
          [
              T=float
          ]
C:\Users\Intrigger\Documents\GitHub\Main\C++\Курсовая работа - Лабиринт SFML\Лабиринт SFML\Лабиринт SFML\Source.cpp(776,48): warning C4244: аргумент: преобразование "int" в "T", возможна потеря данных
          with
          [
              T=float
          ]
C:\Users\Intrigger\Documents\GitHub\Main\C++\Курсовая работа - Лабиринт SFML\Лабиринт SFML\Лабиринт SFML\Source.cpp(777,50): warning C4244: аргумент: преобразование "int" в "T", возможна потеря данных
          with
          [
              T=float
          ]
C:\Users\Intrigger\Documents\GitHub\Main\C++\Курсовая работа - Лабиринт SFML\Лабиринт SFML\Лабиринт SFML\Source.cpp(779,47): warning C4244: аргумент: преобразование "int" в "T", возможна потеря данных
          with
          [
              T=float
          ]
C:\Users\Intrigger\Documents\GitHub\Main\C++\Курсовая работа - Лабиринт SFML\Лабиринт SFML\Лабиринт SFML\Source.cpp(781,62): warning C4244: аргумент: преобразование "int" в "T", возможна потеря данных
          with
          [
              T=float
          ]
C:\Users\Intrigger\Documents\GitHub\Main\C++\Курсовая работа - Лабиринт SFML\Лабиринт SFML\Лабиринт SFML\Source.cpp(781,47): warning C4244: аргумент: преобразование "int" в "T", возможна потеря данных
          with
          [
              T=float
          ]
C:\Users\Intrigger\Documents\GitHub\Main\C++\Курсовая работа - Лабиринт SFML\Лабиринт SFML\Лабиринт SFML\Source.cpp(785,53): warning C4244: аргумент: преобразование "int" в "float", возможна потеря данных
C:\Users\Intrigger\Documents\GitHub\Main\C++\Курсовая работа - Лабиринт SFML\Лабиринт SFML\Лабиринт SFML\Source.cpp(798,50): warning C4244: аргумент: преобразование "int" в "float", возможна потеря данных
C:\Users\Intrigger\Documents\GitHub\Main\C++\Курсовая работа - Лабиринт SFML\Лабиринт SFML\Лабиринт SFML\Source.cpp(798,32): warning C4244: аргумент: преобразование "int" в "float", возможна потеря данных
C:\Users\Intrigger\Documents\GitHub\Main\C++\Курсовая работа - Лабиринт SFML\Лабиринт SFML\Лабиринт SFML\Source.cpp(820,51): warning C4244: аргумент: преобразование "int" в "float", возможна потеря данных
C:\Users\Intrigger\Documents\GitHub\Main\C++\Курсовая работа - Лабиринт SFML\Лабиринт SFML\Лабиринт SFML\Source.cpp(820,33): warning C4244: аргумент: преобразование "int" в "float", возможна потеря данных
C:\Users\Intrigger\Documents\GitHub\Main\C++\Курсовая работа - Лабиринт SFML\Лабиринт SFML\Лабиринт SFML\Source.cpp(828,36): warning C4244: аргумент: преобразование "int" в "T", возможна потеря данных
          with
          [
              T=float
          ]
C:\Users\Intrigger\Documents\GitHub\Main\C++\Курсовая работа - Лабиринт SFML\Лабиринт SFML\Лабиринт SFML\Source.cpp(828,26): warning C4244: аргумент: преобразование "int" в "T", возможна потеря данных
          with
          [
              T=float
          ]
C:\Users\Intrigger\Documents\GitHub\Main\C++\Курсовая работа - Лабиринт SFML\Лабиринт SFML\Лабиринт SFML\Source.cpp(834,38): warning C4244: аргумент: преобразование "int" в "T", возможна потеря данных
          with
          [
              T=float
          ]
C:\Users\Intrigger\Documents\GitHub\Main\C++\Курсовая работа - Лабиринт SFML\Лабиринт SFML\Лабиринт SFML\Source.cpp(834,28): warning C4244: аргумент: преобразование "int" в "T", возможна потеря данных
          with
          [
              T=float
          ]
C:\Users\Intrigger\Documents\GitHub\Main\C++\Курсовая работа - Лабиринт SFML\Лабиринт SFML\Лабиринт SFML\Source.cpp(840,38): warning C4244: аргумент: преобразование "int" в "T", возможна потеря данных
          with
          [
              T=float
          ]
C:\Users\Intrigger\Documents\GitHub\Main\C++\Курсовая работа - Лабиринт SFML\Лабиринт SFML\Лабиринт SFML\Source.cpp(840,28): warning C4244: аргумент: преобразование "int" в "T", возможна потеря данных
          with
          [
              T=float
          ]
C:\Users\Intrigger\Documents\GitHub\Main\C++\Курсовая работа - Лабиринт SFML\Лабиринт SFML\Лабиринт SFML\Source.cpp(845,40): warning C4244: аргумент: преобразование "int" в "T", возможна потеря данных
          with
          [
              T=float
          ]
C:\Users\Intrigger\Documents\GitHub\Main\C++\Курсовая работа - Лабиринт SFML\Лабиринт SFML\Лабиринт SFML\Source.cpp(845,30): warning C4244: аргумент: преобразование "int" в "T", возможна потеря данных
          with
          [
              T=float
          ]
C:\Users\Intrigger\Documents\GitHub\Main\C++\Курсовая работа - Лабиринт SFML\Лабиринт SFML\Лабиринт SFML\Source.cpp(851,38): warning C4244: аргумент: преобразование "int" в "T", возможна потеря данных
          with
          [
              T=float
          ]
C:\Users\Intrigger\Documents\GitHub\Main\C++\Курсовая работа - Лабиринт SFML\Лабиринт SFML\Лабиринт SFML\Source.cpp(851,28): warning C4244: аргумент: преобразование "int" в "T", возможна потеря данных
          with
          [
              T=float
          ]
C:\Users\Intrigger\Documents\GitHub\Main\C++\Курсовая работа - Лабиринт SFML\Лабиринт SFML\Лабиринт SFML\Source.cpp(874,25): warning C4018: <: несоответствие типов со знаком и без знака
C:\Users\Intrigger\Documents\GitHub\Main\C++\Курсовая работа - Лабиринт SFML\Лабиринт SFML\Лабиринт SFML\Source.cpp(875,26): warning C4018: <: несоответствие типов со знаком и без знака
C:\Users\Intrigger\Documents\GitHub\Main\C++\Курсовая работа - Лабиринт SFML\Лабиринт SFML\Лабиринт SFML\Source.cpp(965,91): warning C4244: аргумент: преобразование "T" в "T", возможна потеря данных
          with
          [
              T=unsigned int
          ]
          and
          [
              T=float
          ]
C:\Users\Intrigger\Documents\GitHub\Main\C++\Курсовая работа - Лабиринт SFML\Лабиринт SFML\Лабиринт SFML\Source.cpp(987,67): warning C4244: =: преобразование "double" в "T", возможна потеря данных
          with
          [
              T=float
          ]
C:\Users\Intrigger\Documents\GitHub\Main\C++\Курсовая работа - Лабиринт SFML\Лабиринт SFML\Лабиринт SFML\Source.cpp(994,105): warning C4244: =: преобразование "double" в "T", возможна потеря данных
          with
          [
              T=float
          ]
C:\Users\Intrigger\Documents\GitHub\Main\C++\Курсовая работа - Лабиринт SFML\Лабиринт SFML\Лабиринт SFML\Source.cpp(1016,98): warning C4244: аргумент: преобразование "T" в "T", возможна потеря данных
          with
          [
              T=int
          ]
          and
          [
              T=float
          ]
C:\Users\Intrigger\Documents\GitHub\Main\C++\Курсовая работа - Лабиринт SFML\Лабиринт SFML\Лабиринт SFML\Source.cpp(1016,70): warning C4244: аргумент: преобразование "T" в "T", возможна потеря данных
          with
          [
              T=int
          ]
          and
          [
              T=float
          ]
C:\Users\Intrigger\Documents\GitHub\Main\C++\Курсовая работа - Лабиринт SFML\Лабиринт SFML\Лабиринт SFML\Source.cpp(1022,102): warning C4244: аргумент: преобразование "T" в "T", возможна потеря данных
          with
          [
              T=int
          ]
          and
          [
              T=float
          ]
C:\Users\Intrigger\Documents\GitHub\Main\C++\Курсовая работа - Лабиринт SFML\Лабиринт SFML\Лабиринт SFML\Source.cpp(1022,74): warning C4244: аргумент: преобразование "T" в "T", возможна потеря данных
          with
          [
              T=int
          ]
          and
          [
              T=float
          ]
C:\Users\Intrigger\Documents\GitHub\Main\C++\Курсовая работа - Лабиринт SFML\Лабиринт SFML\Лабиринт SFML\Source.cpp(1056,69): warning C4244: =: преобразование "double" в "T", возможна потеря данных
          with
          [
              T=float
          ]
C:\Users\Intrigger\Documents\GitHub\Main\C++\Курсовая работа - Лабиринт SFML\Лабиринт SFML\Лабиринт SFML\Source.cpp(1060,107): warning C4244: =: преобразование "double" в "T", возможна потеря данных
          with
          [
              T=float
          ]
C:\Users\Intrigger\Documents\GitHub\Main\C++\Курсовая работа - Лабиринт SFML\Лабиринт SFML\Лабиринт SFML\Source.cpp(1067,103): warning C4244: аргумент: преобразование "const _Ty" в "T", возможна потеря данных
          with
          [
              _Ty=double
          ]
          and
          [
              T=int
          ]
C:\Users\Intrigger\Documents\GitHub\Main\C++\Курсовая работа - Лабиринт SFML\Лабиринт SFML\Лабиринт SFML\Source.cpp(1067,52): warning C4244: аргумент: преобразование "const _Ty" в "T", возможна потеря данных
          with
          [
              _Ty=double
          ]
          and
          [
              T=int
          ]
C:\Users\Intrigger\Documents\GitHub\Main\C++\Курсовая работа - Лабиринт SFML\Лабиринт SFML\Лабиринт SFML\Source.cpp(1112,74): warning C4244: аргумент: преобразование "T" в "float", возможна потеря данных
          with
          [
              T=int
          ]
C:\Users\Intrigger\Documents\GitHub\Main\C++\Курсовая работа - Лабиринт SFML\Лабиринт SFML\Лабиринт SFML\Source.cpp(1112,52): warning C4244: аргумент: преобразование "T" в "float", возможна потеря данных
          with
          [
              T=int
          ]
C:\Users\Intrigger\Documents\GitHub\Main\C++\Курсовая работа - Лабиринт SFML\Лабиринт SFML\Лабиринт SFML\Source.cpp(1113,59): warning C4244: аргумент: преобразование "T" в "float", возможна потеря данных
          with
          [
              T=int
          ]
C:\Users\Intrigger\Documents\GitHub\Main\C++\Курсовая работа - Лабиринт SFML\Лабиринт SFML\Лабиринт SFML\Source.cpp(1113,42): warning C4244: аргумент: преобразование "T" в "float", возможна потеря данных
          with
          [
              T=int
          ]
C:\Users\Intrigger\Documents\GitHub\Main\C++\Курсовая работа - Лабиринт SFML\Лабиринт SFML\Лабиринт SFML\Source.cpp(1114,58): warning C4244: аргумент: преобразование "T" в "float", возможна потеря данных
          with
          [
              T=int
          ]
C:\Users\Intrigger\Documents\GitHub\Main\C++\Курсовая работа - Лабиринт SFML\Лабиринт SFML\Лабиринт SFML\Source.cpp(1114,42): warning C4244: аргумент: преобразование "T" в "float", возможна потеря данных
          with
          [
              T=int
          ]
C:\Users\Intrigger\Documents\GitHub\Main\C++\Курсовая работа - Лабиринт SFML\Лабиринт SFML\Лабиринт SFML\Source.cpp(1115,54): warning C4244: аргумент: преобразование "T" в "float", возможна потеря данных
          with
          [
              T=int
          ]
C:\Users\Intrigger\Documents\GitHub\Main\C++\Курсовая работа - Лабиринт SFML\Лабиринт SFML\Лабиринт SFML\Source.cpp(1115,39): warning C4244: аргумент: преобразование "T" в "float", возможна потеря данных
          with
          [
              T=int
          ]
C:\Users\Intrigger\Documents\GitHub\Main\C++\Курсовая работа - Лабиринт SFML\Лабиринт SFML\Лабиринт SFML\Source.cpp(1116,56): warning C4244: аргумент: преобразование "T" в "float", возможна потеря данных
          with
          [
              T=int
          ]
C:\Users\Intrigger\Documents\GitHub\Main\C++\Курсовая работа - Лабиринт SFML\Лабиринт SFML\Лабиринт SFML\Source.cpp(1116,42): warning C4244: аргумент: преобразование "T" в "float", возможна потеря данных
          with
          [
              T=int
          ]
C:\Users\Intrigger\Documents\GitHub\Main\C++\Курсовая работа - Лабиринт SFML\Лабиринт SFML\Лабиринт SFML\Source.cpp(1125,103): warning C4244: аргумент: преобразование "const _Ty" в "T", возможна потеря данных
          with
          [
              _Ty=double
          ]
          and
          [
              T=int
          ]
C:\Users\Intrigger\Documents\GitHub\Main\C++\Курсовая работа - Лабиринт SFML\Лабиринт SFML\Лабиринт SFML\Source.cpp(1125,52): warning C4244: аргумент: преобразование "const _Ty" в "T", возможна потеря данных
          with
          [
              _Ty=double
          ]
          and
          [
              T=int
          ]
C:\Users\Intrigger\Documents\GitHub\Main\C++\Курсовая работа - Лабиринт SFML\Лабиринт SFML\Лабиринт SFML\Source.cpp(1149,76): warning C4244: аргумент: преобразование "T" в "T", возможна потеря данных
          with
          [
              T=unsigned int
          ]
          and
          [
              T=float
          ]
C:\Users\Intrigger\Documents\GitHub\Main\C++\Курсовая работа - Лабиринт SFML\Лабиринт SFML\Лабиринт SFML\Source.cpp(1149,62): warning C4244: аргумент: преобразование "T" в "T", возможна потеря данных
          with
          [
              T=unsigned int
          ]
          and
          [
              T=float
          ]
C:\Users\Intrigger\Documents\GitHub\Main\C++\Курсовая работа - Лабиринт SFML\Лабиринт SFML\Лабиринт SFML\Source.cpp(1170,75): warning C4244: аргумент: преобразование "T" в "T", возможна потеря данных
          with
          [
              T=unsigned int
          ]
          and
          [
              T=float
          ]
C:\Users\Intrigger\Documents\GitHub\Main\C++\Курсовая работа - Лабиринт SFML\Лабиринт SFML\Лабиринт SFML\Source.cpp(1170,61): warning C4244: аргумент: преобразование "T" в "T", возможна потеря данных
          with
          [
              T=unsigned int
          ]
          and
          [
              T=float
          ]
C:\Users\Intrigger\Documents\GitHub\Main\C++\Курсовая работа - Лабиринт SFML\Лабиринт SFML\Лабиринт SFML\Source.cpp(1238,55): warning C4244: аргумент: преобразование "int" в "float", возможна потеря данных
C:\Users\Intrigger\Documents\GitHub\Main\C++\Курсовая работа - Лабиринт SFML\Лабиринт SFML\Лабиринт SFML\Source.cpp(1238,37): warning C4244: аргумент: преобразование "int" в "float", возможна потеря данных
  Создание кода
  0 of 488 functions ( 0.0%) were compiled, the rest were copied from previous compilation.
    0 functions were new in current compilation
    0 functions had inline decision re-evaluated but remain unchanged
  Создание кода завершено
  Лабиринт SFML.vcxproj -> C:\Users\Intrigger\Documents\GitHub\Main\C++\Курсовая работа - Лабиринт SFML\Лабиринт SFML\x64\Release\Лабиринт SFML.exe
